<?xml version="1.0" encoding="UTF-8"?>
<!-- Generated by org.testng.reporters.JUnitXMLReporter -->
<testsuite hostname="DESKTOP-077G3EM" ignored="0" name="RingPay" tests="9" failures="0" timestamp="2022-09-28T15:27:12 IST" time="663.563" errors="0">
  <testcase name="ringPayAppLaunch" time="10.632" classname="com.RingPay.TestScripts.RingPayTestScripts"/>
  <testcase name="ringPayLogin" time="51.728" classname="com.RingPay.TestScripts.RingPayTestScripts"/>
  <testcase name="ringMerchantPay" time="85.174" classname="com.RingPay.TestScripts.RingPayTestScripts"/>
  <testcase name="ringRepayment" time="75.489" classname="com.RingPay.TestScripts.RingPayTestScripts"/>
  <testcase name="ringLogout" time="9.568" classname="com.RingPay.TestScripts.RingPayTestScripts"/>
  <testcase name="ringOtpApi_Positive" time="2.37" classname="com.RingPay.TestScripts.RingPayTestScripts"/>
  <testcase name="ringOtpApi_Negative" time="0.727" classname="com.RingPay.TestScripts.RingPayTestScripts"/>
  <testcase name="ringAuthApi_Positive" time="1.078" classname="com.RingPay.TestScripts.RingPayTestScripts"/>
  <testcase name="ringAuthApi_Negative" time="0.676" classname="com.RingPay.TestScripts.RingPayTestScripts"/>
</testsuite> <!-- RingPay -->
