<?xml version="1.0" encoding="UTF-8"?>
<!-- Generated by org.testng.reporters.JUnitXMLReporter -->
<testsuite hostname="DESKTOP-077G3EM" ignored="0" name="RingPay" tests="1" failures="1" timestamp="2022-10-19T10:38:19 IST" time="77.397" errors="0">
  <testcase name="User_Playstore_Flow" time="54.061" classname="com.RingPay.TestScripts.RingPayTestScripts">
    <failure type="org.openqa.selenium.StaleElementReferenceException" message="The element &amp;apos;By.xpath: //*[@class=&amp;apos;android.widget.EditText&amp;apos;]&amp;apos; does not exist in DOM anymore
For documentation on this error, please visit: https://www.seleniumhq.org/exceptions/stale_element_reference.html
Build info: version: &amp;apos;3.141.59&amp;apos;, revision: &amp;apos;e82be7d358&amp;apos;, time: &amp;apos;2018-11-14T08:17:03&amp;apos;
System info: host: &amp;apos;DESKTOP-077G3EM&amp;apos;, ip: &amp;apos;172.31.98.208&amp;apos;, os.name: &amp;apos;Windows 10&amp;apos;, os.arch: &amp;apos;amd64&amp;apos;, os.version: &amp;apos;10.0&amp;apos;, java.version: &amp;apos;1.8.0_221&amp;apos;
Driver info: io.appium.java_client.android.AndroidDriver
Capabilities {appActivity: com.ideopay.user.MainActivity, appPackage: com.ideopay.user.debug, autoAcceptAlerts: true, automationName: uiautomator2, databaseEnabled: false, desired: {appActivity: com.ideopay.user.MainActivity, appPackage: com.ideopay.user.debug, autoAcceptAlerts: true, automationName: uiautomator2, deviceName: Android, fullReset: false, newCommandTimeout: 300, platformName: android}, deviceApiLevel: 30, deviceManufacturer: realme, deviceModel: RMX3581, deviceName: 2713171100005492, deviceScreenDensity: 320, deviceScreenSize: 720x1600, deviceUDID: 2713171100005492, fullReset: false, javascriptEnabled: true, locationContextEnabled: false, networkConnectionEnabled: true, newCommandTimeout: 300, pixelRatio: 2, platform: LINUX, platformName: Android, platformVersion: 11, statBarHeight: 64, takesScreenshot: true, viewportRect: {height: 1384, left: 0, top: 64, width: 720}, warnings: {}, webStorageEnabled: false}
Session ID: ce2e1c61-6004-4cd6-b6de-0c6b79a8f5a2">
      <![CDATA[org.openqa.selenium.StaleElementReferenceException: The element 'By.xpath: //*[@class='android.widget.EditText']' does not exist in DOM anymore
For documentation on this error, please visit: https://www.seleniumhq.org/exceptions/stale_element_reference.html
Build info: version: '3.141.59', revision: 'e82be7d358', time: '2018-11-14T08:17:03'
System info: host: 'DESKTOP-077G3EM', ip: '172.31.98.208', os.name: 'Windows 10', os.arch: 'amd64', os.version: '10.0', java.version: '1.8.0_221'
Driver info: io.appium.java_client.android.AndroidDriver
Capabilities {appActivity: com.ideopay.user.MainActivity, appPackage: com.ideopay.user.debug, autoAcceptAlerts: true, automationName: uiautomator2, databaseEnabled: false, desired: {appActivity: com.ideopay.user.MainActivity, appPackage: com.ideopay.user.debug, autoAcceptAlerts: true, automationName: uiautomator2, deviceName: Android, fullReset: false, newCommandTimeout: 300, platformName: android}, deviceApiLevel: 30, deviceManufacturer: realme, deviceModel: RMX3581, deviceName: 2713171100005492, deviceScreenDensity: 320, deviceScreenSize: 720x1600, deviceUDID: 2713171100005492, fullReset: false, javascriptEnabled: true, locationContextEnabled: false, networkConnectionEnabled: true, newCommandTimeout: 300, pixelRatio: 2, platform: LINUX, platformName: Android, platformVersion: 11, statBarHeight: 64, takesScreenshot: true, viewportRect: {height: 1384, left: 0, top: 64, width: 720}, warnings: {}, webStorageEnabled: false}
Session ID: ce2e1c61-6004-4cd6-b6de-0c6b79a8f5a2
at org.openqa.selenium.remote.http.W3CHttpResponseCodec.createException(W3CHttpResponseCodec.java:187)
at org.openqa.selenium.remote.http.W3CHttpResponseCodec.decode(W3CHttpResponseCodec.java:122)
at org.openqa.selenium.remote.http.W3CHttpResponseCodec.decode(W3CHttpResponseCodec.java:49)
at org.openqa.selenium.remote.HttpCommandExecutor.execute(HttpCommandExecutor.java:158)
at io.appium.java_client.remote.AppiumCommandExecutor.execute(AppiumCommandExecutor.java:239)
at org.openqa.selenium.remote.RemoteWebDriver.execute(RemoteWebDriver.java:552)
at io.appium.java_client.DefaultGenericMobileDriver.execute(DefaultGenericMobileDriver.java:41)
at io.appium.java_client.AppiumDriver.execute(AppiumDriver.java:1)
at io.appium.java_client.android.AndroidDriver.execute(AndroidDriver.java:1)
at org.openqa.selenium.remote.RemoteWebElement.execute(RemoteWebElement.java:285)
at io.appium.java_client.DefaultGenericMobileElement.execute(DefaultGenericMobileElement.java:45)
at io.appium.java_client.MobileElement.execute(MobileElement.java:1)
at io.appium.java_client.android.AndroidElement.execute(AndroidElement.java:1)
at org.openqa.selenium.remote.RemoteWebElement.getAttribute(RemoteWebElement.java:134)
at com.utility.Utilities.getAttributValue(Utilities.java:1313)
at com.business.RingPay.RingPayBusinessLogic.User_Play_Store_Flow(RingPayBusinessLogic.java:227)
at com.RingPay.TestScripts.RingPayTestScripts.User_Playstore_Flow(RingPayTestScripts.java:29)
at java.util.ArrayList.forEach(Unknown Source)
... Removed 31 stack frames]]>
    </failure>
  </testcase> <!-- User_Playstore_Flow -->
</testsuite> <!-- RingPay -->
