<?xml version="1.0" encoding="UTF-8"?>
<!-- Generated by org.testng.reporters.JUnitXMLReporter -->
<testsuite hostname="DESKTOP-077G3EM" ignored="0" name="RingPay" tests="18" failures="9" timestamp="2022-10-12T13:17:53 IST" time="13.719" errors="0">
  <testcase name="@BeforeTest Before" time="3.381" classname="com.RingPay.TestScripts.RingPayTestScripts">
    <skipped/>
  </testcase> <!-- @BeforeTest Before -->
  <testcase name="@AfterTest ringAppQuit" time="-1.665560873146E9" classname="com.RingPay.TestScripts.RingPayTestScripts">
    <skipped/>
  </testcase> <!-- @AfterTest ringAppQuit -->
  <testcase name="ringPayAppLaunch" time="0.0" classname="com.RingPay.TestScripts.RingPayTestScripts">
    <skipped/>
  </testcase> <!-- ringPayAppLaunch -->
  <testcase name="ringPayAppLaunch" time="0.469" classname="com.RingPay.TestScripts.RingPayTestScripts">
    <failure type="java.lang.IllegalArgumentException" message="nodeName cannot be null or empty">
      <![CDATA[java.lang.IllegalArgumentException: nodeName cannot be null or empty
at com.aventstack.extentreports.ExtentTest.createNode(ExtentTest.java:166)
at com.aventstack.extentreports.ExtentTest.createNode(ExtentTest.java:274)
at com.extent.ExtentReporter.HeaderChildNode(ExtentReporter.java:251)
at com.extent.ExtentReporter.onTestSkipped(ExtentReporter.java:241)
at java.util.ArrayList.forEach(Unknown Source)
... Removed 25 stack frames]]>
    </failure>
  </testcase> <!-- ringPayAppLaunch -->
  <testcase name="ringPayLogin" time="0.0" classname="com.RingPay.TestScripts.RingPayTestScripts">
    <skipped/>
  </testcase> <!-- ringPayLogin -->
  <testcase name="ringPayLogin" time="0.016" classname="com.RingPay.TestScripts.RingPayTestScripts">
    <failure type="java.lang.IllegalArgumentException" message="nodeName cannot be null or empty">
      <![CDATA[java.lang.IllegalArgumentException: nodeName cannot be null or empty
at com.aventstack.extentreports.ExtentTest.createNode(ExtentTest.java:166)
at com.aventstack.extentreports.ExtentTest.createNode(ExtentTest.java:274)
at com.extent.ExtentReporter.HeaderChildNode(ExtentReporter.java:251)
at com.extent.ExtentReporter.onTestSkipped(ExtentReporter.java:241)
at java.util.ArrayList.forEach(Unknown Source)
... Removed 25 stack frames]]>
    </failure>
  </testcase> <!-- ringPayLogin -->
  <testcase name="ringMerchantPay" time="0.0" classname="com.RingPay.TestScripts.RingPayTestScripts">
    <skipped/>
  </testcase> <!-- ringMerchantPay -->
  <testcase name="ringMerchantPay" time="0.003" classname="com.RingPay.TestScripts.RingPayTestScripts">
    <failure type="java.lang.IllegalArgumentException" message="nodeName cannot be null or empty">
      <![CDATA[java.lang.IllegalArgumentException: nodeName cannot be null or empty
at com.aventstack.extentreports.ExtentTest.createNode(ExtentTest.java:166)
at com.aventstack.extentreports.ExtentTest.createNode(ExtentTest.java:274)
at com.extent.ExtentReporter.HeaderChildNode(ExtentReporter.java:251)
at com.extent.ExtentReporter.onTestSkipped(ExtentReporter.java:241)
at java.util.ArrayList.forEach(Unknown Source)
... Removed 25 stack frames]]>
    </failure>
  </testcase> <!-- ringMerchantPay -->
  <testcase name="ringRepayment" time="0.0" classname="com.RingPay.TestScripts.RingPayTestScripts">
    <skipped/>
  </testcase> <!-- ringRepayment -->
  <testcase name="ringRepayment" time="0.002" classname="com.RingPay.TestScripts.RingPayTestScripts">
    <failure type="java.lang.IllegalArgumentException" message="nodeName cannot be null or empty">
      <![CDATA[java.lang.IllegalArgumentException: nodeName cannot be null or empty
at com.aventstack.extentreports.ExtentTest.createNode(ExtentTest.java:166)
at com.aventstack.extentreports.ExtentTest.createNode(ExtentTest.java:274)
at com.extent.ExtentReporter.HeaderChildNode(ExtentReporter.java:251)
at com.extent.ExtentReporter.onTestSkipped(ExtentReporter.java:241)
at java.util.ArrayList.forEach(Unknown Source)
... Removed 25 stack frames]]>
    </failure>
  </testcase> <!-- ringRepayment -->
  <testcase name="ringLogout" time="0.0" classname="com.RingPay.TestScripts.RingPayTestScripts">
    <skipped/>
  </testcase> <!-- ringLogout -->
  <testcase name="ringLogout" time="0.003" classname="com.RingPay.TestScripts.RingPayTestScripts">
    <failure type="java.lang.IllegalArgumentException" message="nodeName cannot be null or empty">
      <![CDATA[java.lang.IllegalArgumentException: nodeName cannot be null or empty
at com.aventstack.extentreports.ExtentTest.createNode(ExtentTest.java:166)
at com.aventstack.extentreports.ExtentTest.createNode(ExtentTest.java:274)
at com.extent.ExtentReporter.HeaderChildNode(ExtentReporter.java:251)
at com.extent.ExtentReporter.onTestSkipped(ExtentReporter.java:241)
at java.util.ArrayList.forEach(Unknown Source)
... Removed 25 stack frames]]>
    </failure>
  </testcase> <!-- ringLogout -->
  <testcase name="ringOtpApi_Positive" time="0.0" classname="com.RingPay.TestScripts.RingPayTestScripts">
    <skipped/>
  </testcase> <!-- ringOtpApi_Positive -->
  <testcase name="ringOtpApi_Positive" time="0.002" classname="com.RingPay.TestScripts.RingPayTestScripts">
    <failure type="java.lang.IllegalArgumentException" message="nodeName cannot be null or empty">
      <![CDATA[java.lang.IllegalArgumentException: nodeName cannot be null or empty
at com.aventstack.extentreports.ExtentTest.createNode(ExtentTest.java:166)
at com.aventstack.extentreports.ExtentTest.createNode(ExtentTest.java:274)
at com.extent.ExtentReporter.HeaderChildNode(ExtentReporter.java:251)
at com.extent.ExtentReporter.onTestSkipped(ExtentReporter.java:241)
at java.util.ArrayList.forEach(Unknown Source)
... Removed 25 stack frames]]>
    </failure>
  </testcase> <!-- ringOtpApi_Positive -->
  <testcase name="ringOtpApi_Negative" time="0.0" classname="com.RingPay.TestScripts.RingPayTestScripts">
    <skipped/>
  </testcase> <!-- ringOtpApi_Negative -->
  <testcase name="ringOtpApi_Negative" time="0.002" classname="com.RingPay.TestScripts.RingPayTestScripts">
    <failure type="java.lang.IllegalArgumentException" message="nodeName cannot be null or empty">
      <![CDATA[java.lang.IllegalArgumentException: nodeName cannot be null or empty
at com.aventstack.extentreports.ExtentTest.createNode(ExtentTest.java:166)
at com.aventstack.extentreports.ExtentTest.createNode(ExtentTest.java:274)
at com.extent.ExtentReporter.HeaderChildNode(ExtentReporter.java:251)
at com.extent.ExtentReporter.onTestSkipped(ExtentReporter.java:241)
at java.util.ArrayList.forEach(Unknown Source)
... Removed 25 stack frames]]>
    </failure>
  </testcase> <!-- ringOtpApi_Negative -->
  <testcase name="ringAuthApi_Positive" time="0.0" classname="com.RingPay.TestScripts.RingPayTestScripts">
    <skipped/>
  </testcase> <!-- ringAuthApi_Positive -->
  <testcase name="ringAuthApi_Positive" time="0.003" classname="com.RingPay.TestScripts.RingPayTestScripts">
    <failure type="java.lang.IllegalArgumentException" message="nodeName cannot be null or empty">
      <![CDATA[java.lang.IllegalArgumentException: nodeName cannot be null or empty
at com.aventstack.extentreports.ExtentTest.createNode(ExtentTest.java:166)
at com.aventstack.extentreports.ExtentTest.createNode(ExtentTest.java:274)
at com.extent.ExtentReporter.HeaderChildNode(ExtentReporter.java:251)
at com.extent.ExtentReporter.onTestSkipped(ExtentReporter.java:241)
at java.util.ArrayList.forEach(Unknown Source)
... Removed 25 stack frames]]>
    </failure>
  </testcase> <!-- ringAuthApi_Positive -->
  <testcase name="ringAuthApi_Negative" time="0.0" classname="com.RingPay.TestScripts.RingPayTestScripts">
    <skipped/>
  </testcase> <!-- ringAuthApi_Negative -->
  <testcase name="ringAuthApi_Negative" time="0.003" classname="com.RingPay.TestScripts.RingPayTestScripts">
    <failure type="java.lang.IllegalArgumentException" message="nodeName cannot be null or empty">
      <![CDATA[java.lang.IllegalArgumentException: nodeName cannot be null or empty
at com.aventstack.extentreports.ExtentTest.createNode(ExtentTest.java:166)
at com.aventstack.extentreports.ExtentTest.createNode(ExtentTest.java:274)
at com.extent.ExtentReporter.HeaderChildNode(ExtentReporter.java:251)
at com.extent.ExtentReporter.onTestSkipped(ExtentReporter.java:241)
at java.util.ArrayList.forEach(Unknown Source)
... Removed 25 stack frames]]>
    </failure>
  </testcase> <!-- ringAuthApi_Negative -->
</testsuite> <!-- RingPay -->
