<?xml version="1.0" encoding="UTF-8"?>
<testng-results skipped="0" failed="0" ignored="0" total="9" passed="9">
  <reporter-output>
  </reporter-output>
  <suite name="Android" duration-ms="663563" started-at="2022-09-28T15:16:09 IST" finished-at="2022-09-28T15:27:12 IST">
    <groups>
    </groups>
    <test name="RingPay" duration-ms="663563" started-at="2022-09-28T15:16:09 IST" finished-at="2022-09-28T15:27:12 IST">
      <class name="com.RingPay.TestScripts.RingPayTestScripts">
        <test-method status="PASS" signature="Before()[pri:0, instance:com.RingPay.TestScripts.RingPayTestScripts@7748410a]" name="Before" is-config="true" duration-ms="13563" started-at="2022-09-28T15:16:19 IST" finished-at="2022-09-28T15:16:32 IST">
          <reporter-output>
          </reporter-output>
        </test-method> <!-- Before -->
        <test-method status="PASS" signature="ringPayAppLaunch()[pri:0, instance:com.RingPay.TestScripts.RingPayTestScripts@7748410a]" name="ringPayAppLaunch" duration-ms="10632" started-at="2022-09-28T15:16:32 IST" finished-at="2022-09-28T15:16:43 IST">
          <reporter-output>
          </reporter-output>
        </test-method> <!-- ringPayAppLaunch -->
        <test-method status="PASS" signature="ringPayLogin(java.lang.String)[pri:1, instance:com.RingPay.TestScripts.RingPayTestScripts@7748410a]" name="ringPayLogin" duration-ms="51728" started-at="2022-09-28T15:17:52 IST" finished-at="2022-09-28T15:18:44 IST">
          <params>
            <param index="0">
              <value>
                <![CDATA[9731239214]]>
              </value>
            </param>
          </params>
          <reporter-output>
          </reporter-output>
        </test-method> <!-- ringPayLogin -->
        <test-method status="PASS" signature="ringMerchantPay(java.lang.String, java.lang.String, java.lang.String)[pri:2, instance:com.RingPay.TestScripts.RingPayTestScripts@7748410a]" name="ringMerchantPay" duration-ms="85174" started-at="2022-09-28T15:19:57 IST" finished-at="2022-09-28T15:21:23 IST">
          <params>
            <param index="0">
              <value>
                <![CDATA[rpy.ipmerchant1234191702@icici]]>
              </value>
            </param>
            <param index="1">
              <value>
                <![CDATA[5000]]>
              </value>
            </param>
            <param index="2">
              <value>
                <![CDATA[1]]>
              </value>
            </param>
          </params>
          <reporter-output>
          </reporter-output>
        </test-method> <!-- ringMerchantPay -->
        <test-method status="PASS" signature="ringRepayment(java.lang.String, java.lang.String)[pri:3, instance:com.RingPay.TestScripts.RingPayTestScripts@7748410a]" name="ringRepayment" duration-ms="75489" started-at="2022-09-28T15:22:37 IST" finished-at="2022-09-28T15:23:53 IST">
          <params>
            <param index="0">
              <value>
                <![CDATA[123]]>
              </value>
            </param>
            <param index="1">
              <value>
                <![CDATA[9731239214]]>
              </value>
            </param>
          </params>
          <reporter-output>
          </reporter-output>
        </test-method> <!-- ringRepayment -->
        <test-method status="PASS" signature="ringLogout()[pri:4, instance:com.RingPay.TestScripts.RingPayTestScripts@7748410a]" name="ringLogout" duration-ms="9568" started-at="2022-09-28T15:24:09 IST" finished-at="2022-09-28T15:24:19 IST">
          <reporter-output>
          </reporter-output>
        </test-method> <!-- ringLogout -->
        <test-method status="PASS" signature="ringOtpApi_Positive(java.lang.String)[pri:5, instance:com.RingPay.TestScripts.RingPayTestScripts@7748410a]" name="ringOtpApi_Positive" duration-ms="2370" started-at="2022-09-28T15:24:45 IST" finished-at="2022-09-28T15:24:48 IST">
          <params>
            <param index="0">
              <value>
                <![CDATA[https://user-gateway.test.ideopay.in/api/v1/users/android/send-otp]]>
              </value>
            </param>
          </params>
          <reporter-output>
          </reporter-output>
        </test-method> <!-- ringOtpApi_Positive -->
        <test-method status="PASS" signature="ringOtpApi_Negative(java.lang.String)[pri:6, instance:com.RingPay.TestScripts.RingPayTestScripts@7748410a]" name="ringOtpApi_Negative" duration-ms="727" started-at="2022-09-28T15:25:22 IST" finished-at="2022-09-28T15:25:23 IST">
          <params>
            <param index="0">
              <value>
                <![CDATA[https://user-gateway.test.ideopay.in/api/v1/users/android/send-otp]]>
              </value>
            </param>
          </params>
          <reporter-output>
          </reporter-output>
        </test-method> <!-- ringOtpApi_Negative -->
        <test-method status="PASS" signature="ringAuthApi_Positive(java.lang.String)[pri:7, instance:com.RingPay.TestScripts.RingPayTestScripts@7748410a]" name="ringAuthApi_Positive" duration-ms="1078" started-at="2022-09-28T15:26:05 IST" finished-at="2022-09-28T15:26:06 IST">
          <params>
            <param index="0">
              <value>
                <![CDATA[https://user-gateway.test.ideopay.in/api/v1/users/android/authentication]]>
              </value>
            </param>
          </params>
          <reporter-output>
          </reporter-output>
        </test-method> <!-- ringAuthApi_Positive -->
        <test-method status="PASS" signature="ringAuthApi_Negative(java.lang.String)[pri:8, instance:com.RingPay.TestScripts.RingPayTestScripts@7748410a]" name="ringAuthApi_Negative" duration-ms="676" started-at="2022-09-28T15:26:42 IST" finished-at="2022-09-28T15:26:43 IST">
          <params>
            <param index="0">
              <value>
                <![CDATA[https://user-gateway.test.ideopay.in/api/v1/users/android/authentication]]>
              </value>
            </param>
          </params>
          <reporter-output>
          </reporter-output>
        </test-method> <!-- ringAuthApi_Negative -->
        <test-method status="PASS" signature="ringAppQuit()[pri:0, instance:com.RingPay.TestScripts.RingPayTestScripts@7748410a]" name="ringAppQuit" is-config="true" duration-ms="789" started-at="2022-09-28T15:27:11 IST" finished-at="2022-09-28T15:27:12 IST">
          <reporter-output>
          </reporter-output>
        </test-method> <!-- ringAppQuit -->
      </class> <!-- com.RingPay.TestScripts.RingPayTestScripts -->
    </test> <!-- RingPay -->
  </suite> <!-- Android -->
</testng-results>
