<?xml version="1.0" encoding="UTF-8"?>
<testsuite xmlns:xsi="http://www.w3.org/2001/XMLSchema-instance" xsi:noNamespaceSchemaLocation="https://maven.apache.org/surefire/maven-surefire-plugin/xsd/surefire-test-report.xsd" name="TestSuite" time="665.685" tests="9" errors="0" skipped="0" failures="0">
  <properties>
[...]
</properties>
  <testcase name="ringPayAppLaunch" classname="com.RingPay.TestScripts.RingPayTestScripts" time="10.64"/>
  <testcase name="ringPayLogin" classname="com.RingPay.TestScripts.RingPayTestScripts" time="51.73"/>
  <testcase name="ringMerchantPay" classname="com.RingPay.TestScripts.RingPayTestScripts" time="85.173"/>
  <testcase name="ringRepayment" classname="com.RingPay.TestScripts.RingPayTestScripts" time="75.489"/>
  <testcase name="ringLogout" classname="com.RingPay.TestScripts.RingPayTestScripts" time="9.569"/>
  <testcase name="ringOtpApi_Positive" classname="com.RingPay.TestScripts.RingPayTestScripts" time="2.369"/>
  <testcase name="ringOtpApi_Negative" classname="com.RingPay.TestScripts.RingPayTestScripts" time="0.728"/>
  <testcase name="ringAuthApi_Positive" classname="com.RingPay.TestScripts.RingPayTestScripts" time="1.078"/>
  <testcase name="ringAuthApi_Negative" classname="com.RingPay.TestScripts.RingPayTestScripts" time="0.676"/>
</testsuite>